[    0.000000] Linux version 4.15.0-33-generic (buildd@lcy01-amd64-024) (gcc version 7.3.0 (Ubuntu 7.3.0-16ubuntu3)) #36-Ubuntu SMP Wed Aug 15 16:00:05 UTC 2018 (Ubuntu 4.15.0-33.36-generic 4.15.18)
[    0.000000] Command line: BOOT_IMAGE=/boot/vmlinuz-4.15.0-33-generic root=LABEL=cloudimg-rootfs ro console=tty1 console=ttyS0
[    0.000000] KERNEL supported cpus:
[    0.000000]   Intel GenuineIntel
[    0.000000]   AMD AuthenticAMD
[    0.000000]   Centaur CentaurHauls
[    0.000000] x86/fpu: Supporting XSAVE feature 0x001: 'x87 floating point registers'
[    0.000000] x86/fpu: Supporting XSAVE feature 0x002: 'SSE registers'
[    0.000000] x86/fpu: Supporting XSAVE feature 0x004: 'AVX registers'
[    0.000000] x86/fpu: xstate_offset[2]:  576, xstate_sizes[2]:  256
[    0.000000] x86/fpu: Enabled xstate features 0x7, context size is 832 bytes, using 'standard' format.
[    0.000000] e820: BIOS-provided physical RAM map:
[    0.000000] BIOS-e820: [mem 0x0000000000000000-0x000000000009fbff] usable
[    0.000000] BIOS-e820: [mem 0x000000000009fc00-0x000000000009ffff] reserved
[    0.000000] BIOS-e820: [mem 0x00000000000f0000-0x00000000000fffff] reserved
[    0.000000] BIOS-e820: [mem 0x0000000000100000-0x000000003ffeffff] usable
[    0.000000] BIOS-e820: [mem 0x000000003fff0000-0x000000003fffffff] ACPI data
[    0.000000] BIOS-e820: [mem 0x00000000fec00000-0x00000000fec00fff] reserved
[    0.000000] BIOS-e820: [mem 0x00000000fee00000-0x00000000fee00fff] reserved
[    0.000000] BIOS-e820: [mem 0x00000000fffc0000-0x00000000ffffffff] reserved
[    0.000000] NX (Execute Disable) protection: active
[    0.000000] SMBIOS 2.5 present.
[    0.000000] DMI: innotek GmbH VirtualBox/VirtualBox, BIOS VirtualBox 12/01/2006
[    0.000000] Hypervisor detected: KVM
[    0.000000] e820: last_pfn = 0x3fff0 max_arch_pfn = 0x400000000
[    0.000000] MTRR: Disabled
[    0.000000] x86/PAT: MTRRs disabled, skipping PAT initialization too.
[    0.000000] CPU MTRRs all blank - virtualized system.
[    0.000000] x86/PAT: Configuration [0-7]: WB  WT  UC- UC  WB  WT  UC- UC  
[    0.000000] found SMP MP-table at [mem 0x0009fff0-0x0009ffff] mapped at [        (ptrval)]
[    0.000000] Scanning 1 areas for low memory corruption
[    0.000000] RAMDISK: [mem 0x35ae5000-0x36d69fff]
[    0.000000] ACPI: Early table checksum verification disabled
[    0.000000] ACPI: RSDP 0x00000000000E0000 000024 (v02 VBOX  )
[    0.000000] ACPI: XSDT 0x000000003FFF0030 00003C (v01 VBOX   VBOXXSDT 00000001 ASL  00000061)
[    0.000000] ACPI: FACP 0x000000003FFF00F0 0000F4 (v04 VBOX   VBOXFACP 00000001 ASL  00000061)
[    0.000000] ACPI: DSDT 0x000000003FFF0470 0021FF (v02 VBOX   VBOXBIOS 00000002 INTL 20100528)
[    0.000000] ACPI: FACS 0x000000003FFF0200 000040
[    0.000000] ACPI: FACS 0x000000003FFF0200 000040
[    0.000000] ACPI: APIC 0x000000003FFF0240 00005C (v02 VBOX   VBOXAPIC 00000001 ASL  00000061)
[    0.000000] ACPI: SSDT 0x000000003FFF02A0 0001CC (v01 VBOX   VBOXCPUT 00000002 INTL 20100528)
[    0.000000] No NUMA configuration found
[    0.000000] Faking a node at [mem 0x0000000000000000-0x000000003ffeffff]
[    0.000000] NODE_DATA(0) allocated [mem 0x3ffc5000-0x3ffeffff]
[    0.000000] kvm-clock: cpu 0, msr 0:3ff44001, primary cpu clock
[    0.000000] kvm-clock: Using msrs 4b564d01 and 4b564d00
[    0.000000] kvm-clock: using sched offset of 4424544716 cycles
[    0.000000] clocksource: kvm-clock: mask: 0xffffffffffffffff max_cycles: 0x1cd42e4dffb, max_idle_ns: 881590591483 ns
[    0.000000] Zone ranges:
[    0.000000]   DMA      [mem 0x0000000000001000-0x0000000000ffffff]
[    0.000000]   DMA32    [mem 0x0000000001000000-0x000000003ffeffff]
[    0.000000]   Normal   empty
[    0.000000]   Device   empty
[    0.000000] Movable zone start for each node
[    0.000000] Early memory node ranges
[    0.000000]   node   0: [mem 0x0000000000001000-0x000000000009efff]
[    0.000000]   node   0: [mem 0x0000000000100000-0x000000003ffeffff]
[    0.000000] Initmem setup node 0 [mem 0x0000000000001000-0x000000003ffeffff]
[    0.000000] Reserved but unavailable: 98 pages
[    0.000000] ACPI: PM-Timer IO Port: 0x4008
[    0.000000] IOAPIC[0]: apic_id 2, version 32, address 0xfec00000, GSI 0-23
[    0.000000] ACPI: INT_SRC_OVR (bus 0 bus_irq 0 global_irq 2 dfl dfl)
[    0.000000] ACPI: INT_SRC_OVR (bus 0 bus_irq 9 global_irq 9 low level)
[    0.000000] Using ACPI (MADT) for SMP configuration information
[    0.000000] smpboot: Allowing 2 CPUs, 0 hotplug CPUs
[    0.000000] PM: Registered nosave memory: [mem 0x00000000-0x00000fff]
[    0.000000] PM: Registered nosave memory: [mem 0x0009f000-0x0009ffff]
[    0.000000] PM: Registered nosave memory: [mem 0x000a0000-0x000effff]
[    0.000000] PM: Registered nosave memory: [mem 0x000f0000-0x000fffff]
[    0.000000] e820: [mem 0x40000000-0xfebfffff] available for PCI devices
[    0.000000] Booting paravirtualized kernel on KVM
[    0.000000] clocksource: refined-jiffies: mask: 0xffffffff max_cycles: 0xffffffff, max_idle_ns: 7645519600211568 ns
[    0.000000] random: get_random_bytes called from start_kernel+0x99/0x4fd with crng_init=0
[    0.000000] setup_percpu: NR_CPUS:8192 nr_cpumask_bits:2 nr_cpu_ids:2 nr_node_ids:1
[    0.000000] percpu: Embedded 46 pages/cpu @        (ptrval) s151552 r8192 d28672 u1048576
[    0.000000] PV qspinlock hash table entries: 256 (order: 0, 4096 bytes)
[    0.000000] Built 1 zonelists, mobility grouping on.  Total pages: 257913
[    0.000000] Policy zone: DMA32
[    0.000000] Kernel command line: BOOT_IMAGE=/boot/vmlinuz-4.15.0-33-generic root=LABEL=cloudimg-rootfs ro console=tty1 console=ttyS0
[    0.000000] Memory: 983620K/1048120K available (12300K kernel code, 2470K rwdata, 4244K rodata, 2408K init, 2416K bss, 64500K reserved, 0K cma-reserved)
[    0.000000] SLUB: HWalign=64, Order=0-3, MinObjects=0, CPUs=2, Nodes=1
[    0.000000] Kernel/User page tables isolation: enabled
[    0.000000] ftrace: allocating 39121 entries in 153 pages
[    0.004000] Hierarchical RCU implementation.
[    0.004000] 	RCU restricting CPUs from NR_CPUS=8192 to nr_cpu_ids=2.
[    0.004000] 	Tasks RCU enabled.
[    0.004000] RCU: Adjusting geometry for rcu_fanout_leaf=16, nr_cpu_ids=2
[    0.004000] NR_IRQS: 524544, nr_irqs: 440, preallocated irqs: 16
[    0.004000] Console: colour VGA+ 80x25
[    0.004000] console [tty1] enabled
[    0.004000] console [ttyS0] enabled
[    0.004000] ACPI: Core revision 20170831
[    0.004000] ACPI: 2 ACPI AML tables successfully acquired and loaded
[    0.004000] APIC: Switch to symmetric I/O mode setup
[    0.004000] x2apic enabled
[    0.004000] Switched APIC routing to physical x2apic.
[    0.008000] ..TIMER: vector=0x30 apic1=0 pin1=2 apic2=-1 pin2=-1
[    0.008004] tsc: Detected 3491.918 MHz processor
[    0.012013] Calibrating delay loop (skipped) preset value.. 6983.83 BogoMIPS (lpj=13967672)
[    0.014327] pid_max: default: 32768 minimum: 301
[    0.015677] Security Framework initialized
[    0.016003] Yama: becoming mindful.
[    0.017131] AppArmor: AppArmor initialized
[    0.020000] Dentry cache hash table entries: 131072 (order: 8, 1048576 bytes)
[    0.020144] Inode-cache hash table entries: 65536 (order: 7, 524288 bytes)
[    0.024048] Mount-cache hash table entries: 2048 (order: 2, 16384 bytes)
[    0.026379] Mountpoint-cache hash table entries: 2048 (order: 2, 16384 bytes)
[    0.028406] mce: CPU supports 0 MCE banks
[    0.029638] Last level iTLB entries: 4KB 64, 2MB 8, 4MB 8
[    0.031097] Last level dTLB entries: 4KB 64, 2MB 0, 4MB 0, 1GB 4
[    0.032005] Spectre V2 : Mitigation: Full generic retpoline
[    0.036004] Speculative Store Bypass: Vulnerable
[    0.040305] Freeing SMP alternatives memory: 36K
[    0.048000] smpboot: CPU0: Intel(R) Xeon(R) CPU E5-1620 v4 @ 3.50GHz (family: 0x6, model: 0x4f, stepping: 0x1)
[    0.048000] Performance Events: unsupported p6 CPU model 79 no PMU driver, software events only.
[    0.048050] Hierarchical SRCU implementation.
[    0.050097] NMI watchdog: Perf event create on CPU 0 failed with -2
[    0.052003] NMI watchdog: Perf NMI watchdog permanently disabled
[    0.056083] smp: Bringing up secondary CPUs ...
[    0.060136] x86: Booting SMP configuration:
[    0.061544] .... node  #0, CPUs:      #1
[    0.004000] kvm-clock: cpu 1, msr 0:3ff44041, secondary cpu clock
[    0.004000] mce: CPU supports 0 MCE banks
[    0.066733] smp: Brought up 1 node, 2 CPUs
[    0.066733] smpboot: Max logical packages: 1
[    0.068008] smpboot: Total of 2 processors activated (13967.67 BogoMIPS)
[    0.072004] devtmpfs: initialized
[    0.073140] x86/mm: Memory block size: 128MB
[    0.076394] evm: security.selinux
[    0.077748] evm: security.SMACK64
[    0.079018] evm: security.SMACK64EXEC
[    0.080004] evm: security.SMACK64TRANSMUTE
[    0.084003] evm: security.SMACK64MMAP
[    0.085535] evm: security.apparmor
[    0.088003] evm: security.ima
[    0.089026] evm: security.capability
[    0.090297] clocksource: jiffies: mask: 0xffffffff max_cycles: 0xffffffff, max_idle_ns: 7645041785100000 ns
[    0.092041] futex hash table entries: 512 (order: 3, 32768 bytes)
[    0.096126] pinctrl core: initialized pinctrl subsystem
[    0.100188] RTC time: 15:15:09, date: 08/29/18
[    0.104067] NET: Registered protocol family 16
[    0.105622] audit: initializing netlink subsys (disabled)
[    0.107160] audit: type=2000 audit(1535555714.442:1): state=initialized audit_enabled=0 res=1
[    0.108009] cpuidle: using governor ladder
[    0.109286] cpuidle: using governor menu
[    0.112128] ACPI: bus type PCI registered
[    0.116005] acpiphp: ACPI Hot Plug PCI Controller Driver version: 0.5
[    0.118603] PCI: Using configuration type 1 for base access
[    0.124058] HugeTLB registered 2.00 MiB page size, pre-allocated 0 pages
[    0.125908] ACPI: Added _OSI(Module Device)
[    0.125908] ACPI: Added _OSI(Processor Device)
[    0.128005] ACPI: Added _OSI(3.0 _SCP Extensions)
[    0.129619] ACPI: Added _OSI(Processor Aggregator Device)
[    0.131237] ACPI: Added _OSI(Linux-Dell-Video)
[    0.132470] ACPI: Executed 1 blocks of module-level executable AML code
[    0.147448] ACPI: Interpreter enabled
[    0.148028] ACPI: (supports S0 S5)
[    0.149066] ACPI: Using IOAPIC for interrupt routing
[    0.152139] PCI: Using host bridge windows from ACPI; if necessary, use "pci=nocrs" and report a bug
[    0.155045] ACPI: Enabled 2 GPEs in block 00 to 07
[    0.173827] ACPI: PCI Root Bridge [PCI0] (domain 0000 [bus 00-ff])
[    0.175634] acpi PNP0A03:00: _OSC: OS supports [ASPM ClockPM Segments MSI]
[    0.176054] acpi PNP0A03:00: _OSC: not requesting OS control; OS requires [ExtendedConfig ASPM ClockPM MSI]
[    0.180024] acpi PNP0A03:00: fail to add MMCONFIG information, can't access extended PCI configuration space under this bridge.
[    0.184688] PCI host bridge to bus 0000:00
[    0.185874] pci_bus 0000:00: root bus resource [io  0x0000-0x0cf7 window]
[    0.187615] pci_bus 0000:00: root bus resource [io  0x0d00-0xffff window]
[    0.188008] pci_bus 0000:00: root bus resource [mem 0x000a0000-0x000bffff window]
[    0.192005] pci_bus 0000:00: root bus resource [mem 0x40000000-0xfdffffff window]
[    0.196005] pci_bus 0000:00: root bus resource [bus 00-ff]
[    0.200608] pci 0000:00:01.1: legacy IDE quirk: reg 0x10: [io  0x01f0-0x01f7]
[    0.202821] pci 0000:00:01.1: legacy IDE quirk: reg 0x14: [io  0x03f6]
[    0.204007] pci 0000:00:01.1: legacy IDE quirk: reg 0x18: [io  0x0170-0x0177]
[    0.205949] pci 0000:00:01.1: legacy IDE quirk: reg 0x1c: [io  0x0376]
[    0.224655] pci 0000:00:07.0: quirk: [io  0x4000-0x403f] claimed by PIIX4 ACPI
[    0.227054] pci 0000:00:07.0: quirk: [io  0x4100-0x410f] claimed by PIIX4 SMB
[    0.236332] ACPI: PCI Interrupt Link [LNKA] (IRQs 5 9 10 *11)
[    0.240980] ACPI: PCI Interrupt Link [LNKB] (IRQs 5 9 *10 11)
[    0.244149] ACPI: PCI Interrupt Link [LNKC] (IRQs 5 *9 10 11)
[    0.248278] ACPI: PCI Interrupt Link [LNKD] (IRQs 5 9 10 *11)
[    0.252624] SCSI subsystem initialized
[    0.253771] pci 0000:00:02.0: vgaarb: setting as boot VGA device
[    0.253771] pci 0000:00:02.0: vgaarb: VGA device added: decodes=io+mem,owns=io+mem,locks=none
[    0.256007] pci 0000:00:02.0: vgaarb: bridge control possible
[    0.257567] vgaarb: loaded
[    0.258510] ACPI: bus type USB registered
[    0.259943] usbcore: registered new interface driver usbfs
[    0.260018] usbcore: registered new interface driver hub
[    0.261536] usbcore: registered new device driver usb
[    0.264080] EDAC MC: Ver: 3.0.0
[    0.265298] PCI: Using ACPI for IRQ routing
[    0.268142] NetLabel: Initializing
[    0.269202] NetLabel:  domain hash size = 128
[    0.270445] NetLabel:  protocols = UNLABELED CIPSOv4 CALIPSO
[    0.272000] NetLabel:  unlabeled traffic allowed by default
[    0.272166] clocksource: Switched to clocksource kvm-clock
[    0.306755] VFS: Disk quotas dquot_6.6.0
[    0.308009] VFS: Dquot-cache hash table entries: 512 (order 0, 4096 bytes)
[    0.309995] AppArmor: AppArmor Filesystem Enabled
[    0.311572] pnp: PnP ACPI init
[    0.314909] pnp: PnP ACPI: found 3 devices
[    0.327546] clocksource: acpi_pm: mask: 0xffffff max_cycles: 0xffffff, max_idle_ns: 2085701024 ns
[    0.330426] NET: Registered protocol family 2
[    0.335174] TCP established hash table entries: 8192 (order: 4, 65536 bytes)
[    0.337176] TCP bind hash table entries: 8192 (order: 5, 131072 bytes)
[    0.339007] TCP: Hash tables configured (established 8192 bind 8192)
[    0.341331] UDP hash table entries: 512 (order: 2, 16384 bytes)
[    0.343090] UDP-Lite hash table entries: 512 (order: 2, 16384 bytes)
[    0.344783] NET: Registered protocol family 1
[    0.346060] pci 0000:00:00.0: Limiting direct PCI/PCI transfers
[    0.347652] pci 0000:00:01.0: Activating ISA DMA hang workarounds
[    0.349340] pci 0000:00:02.0: Video device with shadowed ROM at [mem 0x000c0000-0x000dffff]
[    0.352033] Unpacking initramfs...
[    0.961985] Freeing initrd memory: 18964K
[    0.963704] platform rtc_cmos: registered platform RTC device (no PNP device found)
[    0.965871] Scanning for low memory corruption every 60 seconds
[    0.975619] Initialise system trusted keyrings
[    0.979023] Key type blacklist registered
[    0.980346] workingset: timestamp_bits=36 max_order=18 bucket_order=0
[    0.985033] zbud: loaded
[    0.986675] squashfs: version 4.0 (2009/01/31) Phillip Lougher
[    0.988627] fuse init (API version 7.26)
[    0.993667] Key type asymmetric registered
[    0.995223] Asymmetric key parser 'x509' registered
[    0.996695] Block layer SCSI generic (bsg) driver version 0.4 loaded (major 246)
[    0.998785] io scheduler noop registered
[    0.999991] io scheduler deadline registered
[    1.001293] io scheduler cfq registered (default)
[    1.002990] ACPI: AC Adapter [AC] (on-line)
[    1.004396] input: Power Button as /devices/LNXSYSTM:00/LNXPWRBN:00/input/input0
[    1.006579] ACPI: Power Button [PWRF]
[    1.008133] input: Sleep Button as /devices/LNXSYSTM:00/LNXSLPBN:00/input/input1
[    1.010232] ACPI: Sleep Button [SLPF]
[    1.011822] Serial: 8250/16550 driver, 32 ports, IRQ sharing enabled
[    1.037366] 00:02: ttyS0 at I/O 0x3f8 (irq = 4, base_baud = 115200) is a 16550A
[    1.045040] Linux agpgart interface v0.103
[    1.048940] loop: module loaded
[    1.051038] scsi host0: ata_piix
[    1.052584] scsi host1: ata_piix
[    1.053729] ata1: PATA max UDMA/33 cmd 0x1f0 ctl 0x3f6 bmdma 0xd000 irq 14
[    1.055593] ata2: PATA max UDMA/33 cmd 0x170 ctl 0x376 bmdma 0xd008 irq 15
[    1.062897] libphy: Fixed MDIO Bus: probed
[    1.064230] tun: Universal TUN/TAP device driver, 1.6
[    1.065978] PPP generic driver version 2.4.2
[    1.067382] ehci_hcd: USB 2.0 'Enhanced' Host Controller (EHCI) Driver
[    1.069143] ehci-pci: EHCI PCI platform driver
[    1.070418] ehci-platform: EHCI generic platform driver
[    1.071792] ohci_hcd: USB 1.1 'Open' Host Controller (OHCI) Driver
[    1.073571] ohci-pci: OHCI PCI platform driver
[    1.074917] ohci-platform: OHCI generic platform driver
[    1.077449] uhci_hcd: USB Universal Host Controller Interface driver
[    1.079207] i8042: PNP: PS/2 Controller [PNP0303:PS2K,PNP0f03:PS2M] at 0x60,0x64 irq 1,12
[    1.089285] serio: i8042 KBD port at 0x60,0x64 irq 1
[    1.090808] serio: i8042 AUX port at 0x60,0x64 irq 12
[    1.098701] mousedev: PS/2 mouse device common for all mice
[    1.106967] input: AT Translated Set 2 keyboard as /devices/platform/i8042/serio0/input/input2
[    1.108128] rtc_cmos rtc_cmos: rtc core: registered rtc_cmos as rtc0
[    1.108231] rtc_cmos rtc_cmos: alarms up to one day, 114 bytes nvram
[    1.108242] i2c /dev entries driver
[    1.108318] device-mapper: uevent: version 1.0.3
[    1.108405] device-mapper: ioctl: 4.37.0-ioctl (2017-09-20) initialised: dm-devel@redhat.com
[    1.117687] ledtrig-cpu: registered to indicate activity on CPUs
[    1.120008] NET: Registered protocol family 10
[    1.126311] Segment Routing with IPv6
[    1.127438] NET: Registered protocol family 17
[    1.128788] Key type dns_resolver registered
[    1.130532] RAS: Correctable Errors collector initialized.
[    1.132029] sched_clock: Marking stable (1130420241, 0)->(1738065318, -607645077)
[    1.134763] registered taskstats version 1
[    1.136069] Loading compiled-in X.509 certificates
[    1.140986] Loaded X.509 cert 'Build time autogenerated kernel key: b2b2adbda3eef7b219e699c1b87c022096150517'
[    1.143672] zswap: loaded using pool lzo/zbud
[    1.149307] Key type big_key registered
[    1.150422] Key type trusted registered
[    1.153829] Key type encrypted registered
[    1.155002] AppArmor: AppArmor sha1 policy hashing enabled
[    1.156548] ima: No TPM chip found, activating TPM-bypass! (rc=-19)
[    1.158532] evm: HMAC attrs: 0x1
[    1.159865]   Magic number: 14:502:286
[    1.160952] ppp ppp: hash matches
[    1.162195] rtc_cmos rtc_cmos: setting system clock to 2018-08-29 15:15:10 UTC (1535555710)
[    1.164665] BIOS EDD facility v0.16 2004-Jun-25, 0 devices found
[    1.166287] EDD information not available.
[    1.228104] Freeing unused kernel memory: 2408K
[    1.236539] Write protecting the kernel read-only data: 20480k
[    1.239076] Freeing unused kernel memory: 2008K
[    1.249427] Freeing unused kernel memory: 1900K
[    1.278660] x86/mm: Checked W+X mappings: passed, no W+X pages found.
[    1.282075] x86/mm: Checking user space page tables
[    1.325026] x86/mm: Checked W+X mappings: passed, no W+X pages found.
Loading, please wait...
starting version 237
[    1.469102] Fusion MPT base driver 3.04.20
[    1.477264] Copyright (c) 1999-2008 LSI Corporation
[    1.513257] e1000: Intel(R) PRO/1000 Network Driver - version 7.3.21-k8-NAPI
[    1.515512] e1000: Copyright (c) 1999-2006 Intel Corporation.
[    1.522762] Fusion MPT SPI Host driver 3.04.20
[    1.528602] AVX2 version of gcm_enc/dec engaged.
[    1.529939] AES CTR mode by8 optimization enabled
[    1.706180] input: ImExPS/2 Generic Explorer Mouse as /devices/platform/i8042/serio1/input/input4
[    1.973559] e1000 0000:00:03.0 eth0: (PCI:33MHz:32-bit) 02:5f:45:77:d1:f5
[    1.975756] e1000 0000:00:03.0 eth0: Intel(R) PRO/1000 Network Connection
[    1.979682] mptbase: ioc0: Initiating bringup
[    1.981422] e1000 0000:00:03.0 enp0s3: renamed from eth0
[    1.981440] tsc: Refined TSC clocksource calibration: 3491.906 MHz
[    1.981448] clocksource: tsc: mask: 0xffffffffffffffff max_cycles: 0x325572deef8, max_idle_ns: 440795222557 ns
[    2.933908] ioc0: LSI53C1030 A0: Capabilities={Initiator}
[    3.953832] scsi host2: ioc0: LSI53C1030 A0, FwRev=00000000h, Ports=1, MaxQ=256, IRQ=20
[    4.813393] scsi 2:0:0:0: Direct-Access     VBOX     HARDDISK         1.0  PQ: 0 ANSI: 5
[    4.856099] scsi target2:0:0: Beginning Domain Validation
[    4.866430] scsi target2:0:0: Domain Validation skipping write tests
[    4.871503] scsi target2:0:0: Ending Domain Validation
[    4.876613] scsi target2:0:0: asynchronous
[    4.882740] scsi 2:0:1:0: Direct-Access     VBOX     HARDDISK         1.0  PQ: 0 ANSI: 5
[    4.920253] scsi target2:0:1: Beginning Domain Validation
[    4.926745] random: fast init done
[    4.931006] scsi target2:0:1: Domain Validation skipping write tests
[    4.934870] scsi target2:0:1: Ending Domain Validation
[    4.937920] scsi target2:0:1: asynchronous
[    4.954455] random: systemd-udevd: uninitialized urandom read (16 bytes read)
[    4.958459] random: systemd-udevd: uninitialized urandom read (16 bytes read)
[    4.958521] sd 2:0:0:0: Attached scsi generic sg0 type 0
[    4.965001] random: systemd-udevd: uninitialized urandom read (16 bytes read)
[    4.965953] sd 2:0:1:0: [sdb] 20480 512-byte logical blocks: (10.5 MB/10.0 MiB)
[    4.966097] sd 2:0:1:0: [sdb] Write Protect is off
[    4.966393] sd 2:0:1:0: [sdb] Incomplete mode parameter data
[    4.966398] sd 2:0:1:0: [sdb] Assuming drive cache: write through
[    4.986311] sd 2:0:0:0: [sda] 20971520 512-byte logical blocks: (10.7 GB/10.0 GiB)
[    4.986320] sd 2:0:1:0: Attached scsi generic sg1 type 0
[    4.990339] sd 2:0:1:0: [sdb] Attached SCSI disk
[    5.003136] sd 2:0:0:0: [sda] Write Protect is off
[    5.005969] sd 2:0:0:0: [sda] Incomplete mode parameter data
[    5.008215] sd 2:0:0:0: [sda] Assuming drive cache: write through
[    5.012604]  sda: sda1
[    5.015730] sd 2:0:0:0: [sda] Attached SCSI disk
Begin: Loading essential drivers ... [    7.144062] raid6: sse2x1   gen()  2901 MB/s
[    7.192136] raid6: sse2x1   xor()  1732 MB/s
[    7.240487] raid6: sse2x2   gen()  5534 MB/s
[    7.296201] raid6: sse2x2   xor()  2743 MB/s
[    7.344108] raid6: sse2x4   gen()  6798 MB/s
[    7.392079] raid6: sse2x4   xor()  3687 MB/s
[    7.448455] raid6: avx2x1   gen()  6087 MB/s
[    7.504103] raid6: avx2x1   xor()  3034 MB/s
[    7.552042] raid6: avx2x2   gen() 11124 MB/s
[    7.600288] raid6: avx2x2   xor()  5046 MB/s
[    7.648032] raid6: avx2x4   gen() 13341 MB/s
[    7.696226] raid6: avx2x4   xor()  8634 MB/s
[    7.697470] raid6: using algorithm avx2x4 gen() 13341 MB/s
[    7.698948] raid6: .... xor() 8634 MB/s, rmw enabled
[    7.700334] raid6: using avx2x2 recovery algorithm
[    7.703711] xor: automatically using best checksumming function   avx       
[    7.707765] async_tx: api initialized (async)
done.
Begin: Running /scripts/init-premount ... done.
Begin: Mounting root file system ... Begin: Running /scripts/local-top ... done.
Begin: Running /scripts/local-premount ... [    7.791804] Btrfs loaded, crc32c=crc32c-intel
Scanning for Btrfs filesystems
done.
Warning: fsck not present, so skipping root file system
[    7.837693] EXT4-fs (sda1): mounted filesystem with ordered data mode. Opts: (null)
done.
Begin: Running /scripts/local-bottom ... done.
Begin: Running /scripts/init-bottom ... done.
[    8.070630] ip_tables: (C) 2000-2006 Netfilter Core Team
[    8.085499] systemd[1]: systemd 237 running in system mode. (+PAM +AUDIT +SELINUX +IMA +APPARMOR +SMACK +SYSVINIT +UTMP +LIBCRYPTSETUP +GCRYPT +GNUTLS +ACL +XZ +LZ4 +SECCOMP +BLKID +ELFUTILS +KMOD -IDN2 +IDN -PCRE2 default-hierarchy=hybrid)
[    8.971645] systemd[1]: Detected virtualization oracle.
[    8.979477] systemd[1]: Detected architecture x86-64.

Welcome to [1mUbuntu 18.04.1 LTS[0m!

[    8.991468] systemd[1]: Set hostname to <ubuntu-bionic>.
[    9.319988] systemd[1]: Set up automount Arbitrary Executable File Formats File System Automount Point.
[[0;32m  OK  [0m] Set up automount Arbitrary Executab…rmats File System Automount Point.
[    9.334205] systemd[1]: Created slice System Slice.
[[0;32m  OK  [0m] Created slice System Slice.
[    9.340718] systemd[1]: Started Forward Password Requests to Wall Directory Watch.
[[0;32m  OK  [0m] Started Forward Password Requests to Wall Directory Watch.
[    9.350298] systemd[1]: Reached target System Time Synchronized.
[[0;32m  OK  [0m] Reached target System Time Synchronized.
[    9.358696] systemd[1]: Listening on LVM2 poll daemon socket.
[[0;32m  OK  [0m] Listening on LVM2 poll daemon socket.
[    9.372884] systemd[1]: Listening on Device-mapper event daemon FIFOs.
[[0;32m  OK  [0m] Listening on Device-mapper event daemon FIFOs.
[[0;32m  OK  [0m] Listening on Journal Audit Socket.
[[0;32m  OK  [0m] Listening on udev Control Socket.
[[0;32m  OK  [0m] Listening on Syslog Socket.
[[0;32m  OK  [0m] Reached target Swap.
[[0;32m  OK  [0m] Listening on udev Kernel Socket.
[[0;32m  OK  [0m] Created slice User and Session Slice.
[[0;32m  OK  [0m] Reached target Slices.
[[0;32m  OK  [0m] Listening on Network Service Netlink Socket.
[[0;32m  OK  [0m] Created slice system-serial\x2dgetty.slice.
[[0;32m  OK  [0m] Listening on LVM2 metadata daemon socket.
[[0;32m  OK  [0m] Listening on Journal Socket (/dev/log).
[[0;32m  OK  [0m] Listening on Journal Socket.
         Starting Set the console keyboard layout...
         Mounting Huge Pages File System...
         Starting udev Coldplug all Devices...
         Starting Load Kernel Modules...
         Mounting POSIX Message Queue File System...
         Starting Create list of required st…ce nodes for the current kernel...
         Starting Uncomplicated firewall...
         Mounting Kernel Debug File System...
[    9.497991] Loading iSCSI transport class v2.0-870.
[    9.507844] iscsi: registered transport (tcp)
         Starting Monitoring of LVM2 mirrors…ng dmeventd or progress polling...
         Starting Remount Root and Kernel File Systems...
         Starting Journal Service...
[[0;32m  OK  [0m] Listening on /dev/initctl Compatibility Named Pipe.
[[0;32m  OK  [0m] Reached target User and Group Name Lookups.
[[0;32m  OK  [0m] Started Create list of required sta…vice nodes for the current kernel.
[[0;32m  OK  [0m] Started Uncomplicated firewall.
         Starting Create Static Device Nodes in /dev...
[[0;32m  OK  [0m] Started udev Coldplug all Devices.
[[0;32m  OK  [0m] Started Journal Service.
[[0;32m  OK  [0m] Started Create Static Device Nodes in /dev.
[    9.662233] iscsi: registered transport (iser)
[[0;32m  OK  [0m] Started Load Kernel Modules.
         Mounting Kernel Configuration File System...
         Starting Apply Kernel Variables...
         Mounting FUSE Control File System...
[[0;32m  OK  [0m] Mounted Huge Pages File System.
[[0;32m  OK  [0m] Mounted POSIX Message Queue File System.
[[0;32m  OK  [0m] Mounted Kernel Debug File System.
[[0;32m  OK  [0m] Mounted Kernel Configuration File System.
[[0;32m  OK  [0m] Mounted FUSE Control File System.
[[0;32m  OK  [0m] Started LVM2 metadata daemon.
[[0;32m  OK  [0m] Started Remount Root and Kernel File Systems.
         Starting Initial cloud-init job (pre-networking)...
         Starting udev Kernel Device Manager...
         Starting Flush Journal to Persistent Storage...
         Starting Load/Save Random Seed...
[[0;32m  OK  [0m] Started Apply Kernel Variables.
[[0;32m  OK  [0m] Started Monitoring of LVM2 mirrors,…sing dmeventd or progress polling.
[[0;32m  OK  [0m] Started Load/Save Random Seed.
[[0;32m  OK  [0m] Started udev Kernel Device Manager.
[[0;32m  OK  [0m] Started Flush Journal to Persistent Storage.
[[0;32m  OK  [0m] Started Set the console keyboard layout.
[[0;32m  OK  [0m] Reached target Local File Systems (Pre).
[[0;32m  OK  [0m] Reached target Local File Systems.
         Starting Set console font and keymap...
         Starting AppArmor initialization...
         Starting Create Volatile Files and Directories...
         Starting ebtables ruleset management...
         Starting Tell Plymouth To Write Out Runtime Data...
[[0;32m  OK  [0m] Started Dispatch Password Requests to Console Directory Watch.
[[0;32m  OK  [0m] Reached target Local Encrypted Volumes.
[[0;32m  OK  [0m] Started Set console font and keymap.
[[0;32m  OK  [0m] Started Tell Plymouth To Write Out Runtime Data.
[[0;32m  OK  [0m] Started Create Volatile Files and Directories.
         Starting Update UTMP about System Boot/Shutdown...
[[0;32m  OK  [0m] Started Update UTMP about System Boot/Shutdown.
[[0;32m  OK  [0m] Started ebtables ruleset management.
[[0;32m  OK  [0m] Found device /dev/ttyS0.
[[0;32m  OK  [0m] Started AppArmor initialization.
[[0;32m  OK  [0m] Listening on Load/Save RF Kill Switch Status /dev/rfkill Watch.
[   12.398748] cloud-init[410]: Cloud-init v. 18.3-9-g2e62cb8a-0ubuntu1~18.04.2 running 'init-local' at Wed, 29 Aug 2018 15:15:21 +0000. Up 11.90 seconds.
[[0;32m  OK  [0m] Started Initial cloud-init job (pre-networking).
[[0;32m  OK  [0m] Reached target Network (Pre).
         Starting Network Service...
[[0;32m  OK  [0m] Started Network Service.
         Starting Wait for Network to be Configured...
         Starting Network Name Resolution...
[[0;32m  OK  [0m] Started Network Name Resolution.
[[0;32m  OK  [0m] Reached target Network.
[[0;32m  OK  [0m] Reached target Host and Network Name Lookups.
[[0;32m  OK  [0m] Started Wait for Network to be Configured.
         Starting Initial cloud-init job (metadata service crawler)...
[   16.525785] cloud-init[677]: Cloud-init v. 18.3-9-g2e62cb8a-0ubuntu1~18.04.2 running 'init' at Wed, 29 Aug 2018 15:15:25 +0000. Up 15.71 seconds.
[   16.560589] cloud-init[677]: ci-info: ++++++++++++++++++++++++++++++++++++++Net device info++++++++++++++++++++++++++++++++++++++
[   16.564546] cloud-init[677]: ci-info: +--------+------+----------------------------+---------------+--------+-------------------+
[   16.569272] cloud-init[677]: ci-info: | Device |  Up  |          Address           |      Mask     | Scope  |     Hw-Address    |
[   16.573116] cloud-init[677]: ci-info: +--------+------+----------------------------+---------------+--------+-------------------+
[   16.576855] cloud-init[677]: ci-info: | enp0s3 | True |         10.0.2.15          | 255.255.255.0 | global | 02:5f:45:77:d1:f5 |
[   16.582181] cloud-init[677]: ci-info: | enp0s3 | True | fe80::5f:45ff:fe77:d1f5/64 |       .       |  link  | 02:5f:45:77:d1:f5 |
[   16.585024] cloud-init[677]: ci-info: |   lo   | True |         127.0.0.1          |   255.0.0.0   |  host  |         .         |
[   16.600463] cloud-init[677]: ci-info: |   lo   | True |          ::1/128           |       .       |  host  |         .         |
[   16.606585] cloud-init[677]: ci-info: +--------+------+----------------------------+---------------+--------+-------------------+
[   16.613180] cloud-init[677]: ci-info: ++++++++++++++++++++++++++++Route IPv4 info+++++++++++++++++++++++++++++
[   16.615216] cloud-init[677]: ci-info: +-------+-------------+----------+-----------------+-----------+-------+
[   16.617478] cloud-init[677]: ci-info: | Route | Destination | Gateway  |     Genmask     | Interface | Flags |
[   16.629881] cloud-init[677]: ci-info: +-------+-------------+----------+-----------------+-----------+-------+
[   16.635605] cloud-init[677]: ci-info: |   0   |   0.0.0.0   | 10.0.2.2 |     0.0.0.0     |   enp0s3  |   UG  |
[   16.637752] cloud-init[677]: ci-info: |   1   |   10.0.2.0  | 0.0.0.0  |  255.255.255.0  |   enp0s3  |   U   |
[   16.639894] cloud-init[677]: ci-info: |   2   |   10.0.2.2  | 0.0.0.0  | 255.255.255.255 |   enp0s3  |   UH  |
[   16.641759] cloud-init[677]: ci-info: +-------+-------------+----------+-----------------+-----------+-------+
[   16.645081] cloud-init[677]: ci-info: +++++++++++++++++++Route IPv6 info+++++++++++++++++++
[   16.646877] cloud-init[677]: ci-info: +-------+-------------+---------+-----------+-------+
[   16.648856] cloud-init[677]: ci-info: | Route | Destination | Gateway | Interface | Flags |
[   16.650433] cloud-init[677]: ci-info: +-------+-------------+---------+-----------+-------+
[   16.652016] cloud-init[677]: ci-info: |   1   |  fe80::/64  |    ::   |   enp0s3  |   U   |
[   16.653576] cloud-init[677]: ci-info: |   3   |    local    |    ::   |   enp0s3  |   U   |
[   16.655545] cloud-init[677]: ci-info: |   4   |   ff00::/8  |    ::   |   enp0s3  |   U   |
[   16.663170] cloud-init[677]: ci-info: +-------+-------------+---------+-----------+-------+
[[0;32m  OK  [0m] Started Initial cloud-init job (metadata service crawler).
[[0;32m  OK  [0m] Reached target Cloud-config availability.
[[0;32m  OK  [0m] Reached target System Initialization.
[[0;32m  OK  [0m] Listening on D-Bus System Message Bus Socket.
[[0;32m  OK  [0m] Started Daily Cleanup of Temporary Directories.
[[0;32m  OK  [0m] Listening on ACPID Listen Socket.
         Starting Socket activation for snappy daemon.
[[0;32m  OK  [0m] Started Daily apt download activities.
[[0;32m  OK  [0m] Listening on UUID daemon activation socket.
[[0;32m  OK  [0m] Started Discard unused blocks once a week.
         Starting LXD - unix socket.
[[0;32m  OK  [0m] Started ACPI Events Check.
[[0;32m  OK  [0m] Reached target Paths.
[[0;32m  OK  [0m] Started Daily apt upgrade and clean activities.
[[0;32m  OK  [0m] Started Message of the Day.
[[0;32m  OK  [0m] Reached target Timers.
         Starting Docker Socket for the API.
[[0;32m  OK  [0m] Reached target Network is Online.
         Starting iSCSI initiator daemon (iscsid)...
[[0;32m  OK  [0m] Listening on Socket activation for snappy daemon.
[[0;32m  OK  [0m] Listening on LXD - unix socket.
[[0;32m  OK  [0m] Listening on Docker Socket for the API.
[[0;32m  OK  [0m] Reached target Sockets.
[[0;32m  OK  [0m] Reached target Basic System.
[[0;32m  OK  [0m] Started FUSE filesystem for LXC.
[[0;32m  OK  [0m] Started Regular background program processing daemon.
         Starting Login Service...
         Starting Dispatcher daemon for systemd-networkd...
         Starting vboxadd.service...
         Starting Docker Application Container Engine...
[[0;32m  OK  [0m] Started D-Bus System Message Bus.
[[0;32m  OK  [0m] Started Login Service.
         Starting LSB: Record successful boot for GRUB...
         Starting LXD - container startup/shutdown...
[[0;32m  OK  [0m] Started Unattended Upgrades Shutdown.
[[0;32m  OK  [0m] Started Deferred execution scheduler.
         Starting Accounts Service...
         Starting OpenBSD Secure Shell server...
         Starting System Logging Service...
         Starting Snappy daemon...
[[0;32m  OK  [0m] Started irqbalance daemon.
[[0;32m  OK  [0m] Started System Logging Service.
[[0;32m  OK  [0m] Started iSCSI initiator daemon (iscsid).
         Starting Availability of block devices...
[[0;32m  OK  [0m] Reached target Remote File Systems (Pre).
[[0;32m  OK  [0m] Reached target Remote File Systems.
         Starting Permit User Sessions...
         Starting LSB: automatic crash report generation...
         Starting Authorization Manager...
[[0;32m  OK  [0m] Started OpenBSD Secure Shell server.
[[0;32m  OK  [0m] Started Dispatcher daemon for systemd-networkd.
[[0;32m  OK  [0m] Started Availability of block devices.
[[0;32m  OK  [0m] Started Permit User Sessions.
         Starting Terminate Plymouth Boot Screen...
         Starting Hold until boot process finishes up...
[[0;32m  OK  [0m] Started Hold until boot process finishes up.
         Starting Set console scheme...
[[0;32m  OK  [0m] Started Serial Getty on ttyS0.
[[0;32m  OK  [0m] Started Terminate Plymouth Boot Screen.
[[0;32m  OK  [0m] Started Set console scheme.
[[0;32m  OK  [0m] Created slice system-getty.slice.
[[0;32m  OK  [0m] Started Getty on tty1.
[[0;32m  OK  [0m] Reached target Login Prompts.
[[0;32m  OK  [0m] Started Authorization Manager.
[[0;32m  OK  [0m] Started Accounts Service.
[[0;32m  OK  [0m] Started LXD - container startup/shutdown.
[[0;32m  OK  [0m] Started LSB: Record successful boot for GRUB.
[[0;32m  OK  [0m] Started LSB: automatic crash report generation.
[[0;32m  OK  [0m] Created slice User Slice of vagrant.
         Starting User Manager for UID 1000...
[[0;32m  OK  [0m] Started Session 1 of user vagrant.
[[0;32m  OK  [0m] Started Snappy daemon.
         Starting Wait until snapd is fully seeded...
[[0;32m  OK  [0m] Started Wait until snapd is fully seeded.
         Starting Apply the settings specified in cloud-config...
[[0;32m  OK  [0m] Started vboxadd.service.
         Starting vboxadd-service.service...
[[0;32m  OK  [0m] Started User Manager for UID 1000.
[[0;32m  OK  [0m] Started vboxadd-service.service.
[   20.079316] cloud-init[1126]: Cloud-init v. 18.3-9-g2e62cb8a-0ubuntu1~18.04.2 running 'modules:config' at Wed, 29 Aug 2018 15:15:28 +0000. Up 19.64 seconds.
[[0;32m  OK  [0m] Started Apply the settings specified in cloud-config.
[[0;32m  OK  [0m] Started Docker Application Container Engine.
[[0;32m  OK  [0m] Reached target Multi-User System.
         Starting Execute cloud user/final scripts...
[[0;32m  OK  [0m] Reached target Graphical Interface.
         Starting Update UTMP about System Runlevel Changes...
[[0;32m  OK  [0m] Started Update UTMP about System Runlevel Changes.
[   22.175636] cloud-init[1479]: Cloud-init v. 18.3-9-g2e62cb8a-0ubuntu1~18.04.2 running 'modules:final' at Wed, 29 Aug 2018 15:15:31 +0000. Up 21.81 seconds.
[   22.178320] cloud-init[1479]: Cloud-init v. 18.3-9-g2e62cb8a-0ubuntu1~18.04.2 finished at Wed, 29 Aug 2018 15:15:31 +0000. Datasource DataSourceNoCloud [seed=/dev/sdb][dsmode=net].  Up 22.15 seconds
[[0;32m  OK  [0m] Started Execute cloud user/final scripts.
[[0;32m  OK  [0m] Reached target Cloud-init target.

Ubuntu 18.04.1 LTS ubuntu-bionic ttyS0

ubuntu-bionic login: 